<?xml version="1.0" encoding="UTF-8"?>
<testng-results ignored="0" total="2" passed="1" failed="1" skipped="0">
  <reporter-output>
  </reporter-output>
  <suite started-at="2022-08-22T07:40:55Z" name="bk_automation_testNG_prototype" finished-at="2022-08-22T07:42:01Z" duration-ms="65880">
    <groups>
    </groups>
    <test started-at="2022-08-22T07:40:55Z" name="SignUp Test" finished-at="2022-08-22T07:41:25Z" duration-ms="29886">
      <class name="com.bk_automation_testNG_prototype.testScripts.loginPage.Qsc_SignIn_SuccessTest">
        <test-method is-config="true" signature="beforeTest()[pri:0, instance:com.bk_automation_testNG_prototype.testScripts.loginPage.Qsc_SignIn_SuccessTest@324a0017]" started-at="2022-08-22T13:10:55Z" name="beforeTest" finished-at="2022-08-22T13:10:57Z" duration-ms="1559" status="PASS">
          <reporter-output>
          </reporter-output>
        </test-method> <!-- beforeTest -->
        <test-method is-config="true" signature="beforeMethod(java.lang.reflect.Method)[pri:0, instance:com.bk_automation_testNG_prototype.testScripts.loginPage.Qsc_SignIn_SuccessTest@324a0017]" started-at="2022-08-22T13:10:57Z" name="beforeMethod" finished-at="2022-08-22T13:10:59Z" duration-ms="2626" status="PASS">
          <params>
            <param index="0">
              <value>
                <![CDATA[public void com.bk_automation_testNG_prototype.testScripts.loginPage.Qsc_SignIn_SuccessTest.SignIn_SuccessfullTest() throws java.lang.InterruptedException,java.io.IOException]]>
              </value>
            </param>
          </params>
          <reporter-output>
          </reporter-output>
        </test-method> <!-- beforeMethod -->
        <test-method signature="SignIn_SuccessfullTest()[pri:0, instance:com.bk_automation_testNG_prototype.testScripts.loginPage.Qsc_SignIn_SuccessTest@324a0017]" started-at="2022-08-22T13:10:59Z" name="SignIn_SuccessfullTest" description="SignIn into QSC staging website with valid credentials" finished-at="2022-08-22T13:11:24Z" duration-ms="24894" status="PASS">
          <reporter-output>
          </reporter-output>
        </test-method> <!-- SignIn_SuccessfullTest -->
        <test-method is-config="true" signature="afterMethod(org.testng.ITestResult)[pri:0, instance:com.bk_automation_testNG_prototype.testScripts.loginPage.Qsc_SignIn_SuccessTest@324a0017]" started-at="2022-08-22T13:11:24Z" name="afterMethod" finished-at="2022-08-22T13:11:25Z" duration-ms="506" status="PASS">
          <params>
            <param index="0">
              <value>
                <![CDATA[[TestResult name=SignIn_SuccessfullTest status=SUCCESS method=Qsc_SignIn_SuccessTest.SignIn_SuccessfullTest()[pri:0, instance:com.bk_automation_testNG_prototype.testScripts.loginPage.Qsc_SignIn_SuccessTest@324a0017] output={null}]]]>
              </value>
            </param>
          </params>
          <reporter-output>
          </reporter-output>
        </test-method> <!-- afterMethod -->
        <test-method is-config="true" signature="afterTest()[pri:0, instance:com.bk_automation_testNG_prototype.testScripts.loginPage.Qsc_SignIn_SuccessTest@324a0017]" started-at="2022-08-22T13:11:25Z" name="afterTest" finished-at="2022-08-22T13:11:25Z" duration-ms="285" status="PASS">
          <reporter-output>
          </reporter-output>
        </test-method> <!-- afterTest -->
      </class> <!-- com.bk_automation_testNG_prototype.testScripts.loginPage.Qsc_SignIn_SuccessTest -->
    </test> <!-- SignUp Test -->
    <test started-at="2022-08-22T07:41:25Z" name="Login Test" finished-at="2022-08-22T07:42:01Z" duration-ms="35946">
      <class name="com.bk_automation_testNG_prototype.testScripts.loginPage.Qsc_SignIn_FailureTest">
        <test-method is-config="true" signature="beforeSuite()[pri:0, instance:com.bk_automation_testNG_prototype.testScripts.loginPage.Qsc_SignIn_FailureTest@4879dfad]" started-at="2022-08-22T13:10:55Z" name="beforeSuite" finished-at="2022-08-22T13:10:55Z" duration-ms="175" status="PASS">
          <reporter-output>
          </reporter-output>
        </test-method> <!-- beforeSuite -->
        <test-method is-config="true" signature="beforeTest()[pri:0, instance:com.bk_automation_testNG_prototype.testScripts.loginPage.Qsc_SignIn_FailureTest@4879dfad]" started-at="2022-08-22T13:11:25Z" name="beforeTest" finished-at="2022-08-22T13:11:26Z" duration-ms="875" status="PASS">
          <reporter-output>
          </reporter-output>
        </test-method> <!-- beforeTest -->
        <test-method is-config="true" signature="beforeMethod(java.lang.reflect.Method)[pri:0, instance:com.bk_automation_testNG_prototype.testScripts.loginPage.Qsc_SignIn_FailureTest@4879dfad]" started-at="2022-08-22T13:11:26Z" name="beforeMethod" finished-at="2022-08-22T13:11:28Z" duration-ms="2172" status="PASS">
          <params>
            <param index="0">
              <value>
                <![CDATA[public void com.bk_automation_testNG_prototype.testScripts.loginPage.Qsc_SignIn_FailureTest.SignIn_FailureTest() throws java.lang.InterruptedException,java.io.IOException]]>
              </value>
            </param>
          </params>
          <reporter-output>
          </reporter-output>
        </test-method> <!-- beforeMethod -->
        <test-method signature="SignIn_FailureTest()[pri:0, instance:com.bk_automation_testNG_prototype.testScripts.loginPage.Qsc_SignIn_FailureTest@4879dfad]" started-at="2022-08-22T13:11:28Z" name="SignIn_FailureTest" description="SignIn into QSC staging website with invalid credentials" finished-at="2022-08-22T13:12:01Z" duration-ms="32572" status="FAIL">
          <exception class="org.openqa.selenium.NoSuchElementException">
            <message>
              <![CDATA[no such element: Unable to locate element: {"method":"xpath","selector":"//div[@class='reflect-profile']"}
  (Session info: chrome=104.0.5112.102)
For documentation on this error, please visit: https://www.seleniumhq.org/exceptions/no_such_element.html
Build info: version: '3.141.59', revision: 'e82be7d358', time: '2018-11-14T08:17:03'
System info: host: 'BKLAP136', ip: '192.168.1.32', os.name: 'Windows 10', os.arch: 'amd64', os.version: '10.0', java.version: '18.0.1'
Driver info: org.openqa.selenium.chrome.ChromeDriver
Capabilities {acceptInsecureCerts: false, browserName: chrome, browserVersion: 104.0.5112.102, chrome: {chromedriverVersion: 103.0.5060.53 (a1711811edd7..., userDataDir: C:\Users\ADITI~1.BAL\AppDat...}, goog:chromeOptions: {debuggerAddress: localhost:56604}, javascriptEnabled: true, networkConnectionEnabled: false, pageLoadStrategy: normal, platform: WINDOWS, platformName: WINDOWS, proxy: Proxy(), setWindowRect: true, strictFileInteractability: false, timeouts: {implicit: 0, pageLoad: 300000, script: 30000}, unhandledPromptBehavior: dismiss and notify, webauthn:extension:credBlob: true, webauthn:extension:largeBlob: true, webauthn:virtualAuthenticators: true}
Session ID: 91a684a5c6b2d88accb30c55ef48de61
*** Element info: {Using=xpath, value=//div[@class='reflect-profile']}]]>
            </message>
            <full-stacktrace>
              <![CDATA[org.openqa.selenium.NoSuchElementException: no such element: Unable to locate element: {"method":"xpath","selector":"//div[@class='reflect-profile']"}
  (Session info: chrome=104.0.5112.102)
For documentation on this error, please visit: https://www.seleniumhq.org/exceptions/no_such_element.html
Build info: version: '3.141.59', revision: 'e82be7d358', time: '2018-11-14T08:17:03'
System info: host: 'BKLAP136', ip: '192.168.1.32', os.name: 'Windows 10', os.arch: 'amd64', os.version: '10.0', java.version: '18.0.1'
Driver info: org.openqa.selenium.chrome.ChromeDriver
Capabilities {acceptInsecureCerts: false, browserName: chrome, browserVersion: 104.0.5112.102, chrome: {chromedriverVersion: 103.0.5060.53 (a1711811edd7..., userDataDir: C:\Users\ADITI~1.BAL\AppDat...}, goog:chromeOptions: {debuggerAddress: localhost:56604}, javascriptEnabled: true, networkConnectionEnabled: false, pageLoadStrategy: normal, platform: WINDOWS, platformName: WINDOWS, proxy: Proxy(), setWindowRect: true, strictFileInteractability: false, timeouts: {implicit: 0, pageLoad: 300000, script: 30000}, unhandledPromptBehavior: dismiss and notify, webauthn:extension:credBlob: true, webauthn:extension:largeBlob: true, webauthn:virtualAuthenticators: true}
Session ID: 91a684a5c6b2d88accb30c55ef48de61
*** Element info: {Using=xpath, value=//div[@class='reflect-profile']}
	at java.base/jdk.internal.reflect.DirectConstructorHandleAccessor.newInstance(DirectConstructorHandleAccessor.java:67)
	at java.base/java.lang.reflect.Constructor.newInstanceWithCaller(Constructor.java:499)
	at java.base/java.lang.reflect.Constructor.newInstance(Constructor.java:483)
	at org.openqa.selenium.remote.http.W3CHttpResponseCodec.createException(W3CHttpResponseCodec.java:187)
	at org.openqa.selenium.remote.http.W3CHttpResponseCodec.decode(W3CHttpResponseCodec.java:122)
	at org.openqa.selenium.remote.http.W3CHttpResponseCodec.decode(W3CHttpResponseCodec.java:49)
	at org.openqa.selenium.remote.HttpCommandExecutor.execute(HttpCommandExecutor.java:158)
	at org.openqa.selenium.remote.service.DriverCommandExecutor.execute(DriverCommandExecutor.java:83)
	at org.openqa.selenium.remote.RemoteWebDriver.execute(RemoteWebDriver.java:552)
	at org.openqa.selenium.remote.RemoteWebDriver.findElement(RemoteWebDriver.java:323)
	at org.openqa.selenium.remote.RemoteWebDriver.findElementByXPath(RemoteWebDriver.java:428)
	at org.openqa.selenium.By$ByXPath.findElement(By.java:353)
	at org.openqa.selenium.remote.RemoteWebDriver.findElement(RemoteWebDriver.java:315)
	at org.openqa.selenium.support.pagefactory.DefaultElementLocator.findElement(DefaultElementLocator.java:69)
	at org.openqa.selenium.support.pagefactory.internal.LocatingElementHandler.invoke(LocatingElementHandler.java:38)
	at jdk.proxy2/jdk.proxy2.$Proxy15.isDisplayed(Unknown Source)
	at com.bk_automation_testNG_prototype.pageObject.QscSignInPage.verifyFailureMessage(QscSignInPage.java:121)
	at com.bk_automation_testNG_prototype.testScripts.loginPage.Qsc_SignIn_FailureTest.SignIn_FailureTest(Qsc_SignIn_FailureTest.java:22)
	at java.base/jdk.internal.reflect.DirectMethodHandleAccessor.invoke(DirectMethodHandleAccessor.java:104)
	at java.base/java.lang.reflect.Method.invoke(Method.java:577)
	at org.testng.internal.MethodInvocationHelper.invokeMethod(MethodInvocationHelper.java:104)
	at org.testng.internal.Invoker.invokeMethod(Invoker.java:645)
	at org.testng.internal.Invoker.invokeTestMethod(Invoker.java:851)
	at org.testng.internal.Invoker.invokeTestMethods(Invoker.java:1177)
	at org.testng.internal.TestMethodWorker.invokeTestMethods(TestMethodWorker.java:129)
	at org.testng.internal.TestMethodWorker.run(TestMethodWorker.java:112)
	at org.testng.TestRunner.privateRun(TestRunner.java:756)
	at org.testng.TestRunner.run(TestRunner.java:610)
	at org.testng.SuiteRunner.runTest(SuiteRunner.java:387)
	at org.testng.SuiteRunner.runSequentially(SuiteRunner.java:382)
	at org.testng.SuiteRunner.privateRun(SuiteRunner.java:340)
	at org.testng.SuiteRunner.run(SuiteRunner.java:289)
	at org.testng.SuiteRunnerWorker.runSuite(SuiteRunnerWorker.java:52)
	at org.testng.SuiteRunnerWorker.run(SuiteRunnerWorker.java:86)
	at org.testng.TestNG.runSuitesSequentially(TestNG.java:1293)
	at org.testng.TestNG.runSuitesLocally(TestNG.java:1218)
	at org.testng.TestNG.runSuites(TestNG.java:1133)
	at org.testng.TestNG.run(TestNG.java:1104)
	at org.testng.remote.AbstractRemoteTestNG.run(AbstractRemoteTestNG.java:115)
	at org.testng.remote.RemoteTestNG.initAndRun(RemoteTestNG.java:251)
	at org.testng.remote.RemoteTestNG.main(RemoteTestNG.java:77)
]]>
            </full-stacktrace>
          </exception> <!-- org.openqa.selenium.NoSuchElementException -->
          <reporter-output>
          </reporter-output>
        </test-method> <!-- SignIn_FailureTest -->
        <test-method is-config="true" signature="afterMethod(org.testng.ITestResult)[pri:0, instance:com.bk_automation_testNG_prototype.testScripts.loginPage.Qsc_SignIn_FailureTest@4879dfad]" started-at="2022-08-22T13:12:01Z" name="afterMethod" finished-at="2022-08-22T13:12:01Z" duration-ms="143" status="PASS">
          <params>
            <param index="0">
              <value>
                <![CDATA[[TestResult name=SignIn_FailureTest status=FAILURE method=Qsc_SignIn_FailureTest.SignIn_FailureTest()[pri:0, instance:com.bk_automation_testNG_prototype.testScripts.loginPage.Qsc_SignIn_FailureTest@4879dfad] output={null}]]]>
              </value>
            </param>
          </params>
          <reporter-output>
          </reporter-output>
        </test-method> <!-- afterMethod -->
        <test-method is-config="true" signature="afterTest()[pri:0, instance:com.bk_automation_testNG_prototype.testScripts.loginPage.Qsc_SignIn_FailureTest@4879dfad]" started-at="2022-08-22T13:12:01Z" name="afterTest" finished-at="2022-08-22T13:12:01Z" duration-ms="175" status="PASS">
          <reporter-output>
          </reporter-output>
        </test-method> <!-- afterTest -->
      </class> <!-- com.bk_automation_testNG_prototype.testScripts.loginPage.Qsc_SignIn_FailureTest -->
    </test> <!-- Login Test -->
  </suite> <!-- bk_automation_testNG_prototype -->
</testng-results>
