<?xml version="1.0" encoding="UTF-8"?>
<testng-results ignored="0" total="2" passed="1" failed="1" skipped="0">
  <reporter-output>
  </reporter-output>
  <suite started-at="2022-05-04T12:07:34Z" name="bk_automation_testNG_prototype" finished-at="2022-05-04T12:08:54Z" duration-ms="79882">
    <groups>
    </groups>
    <test started-at="2022-05-04T12:07:34Z" name="SignUp Test" finished-at="2022-05-04T12:08:07Z" duration-ms="32711">
      <class name="com.bk_automation_testNG_prototype.testScripts.loginPage.Bk_ContactUsTest_PositiveCase">
        <test-method is-config="true" signature="beforeTest()[pri:0, instance:com.bk_automation_testNG_prototype.testScripts.loginPage.Bk_ContactUsTest_PositiveCase@6aa3a905]" started-at="2022-05-04T17:37:34Z" name="beforeTest" finished-at="2022-05-04T17:37:38Z" duration-ms="3564" status="PASS">
          <reporter-output>
          </reporter-output>
        </test-method> <!-- beforeTest -->
        <test-method is-config="true" signature="beforeMethod(java.lang.reflect.Method)[pri:0, instance:com.bk_automation_testNG_prototype.testScripts.loginPage.Bk_ContactUsTest_PositiveCase@6aa3a905]" started-at="2022-05-04T17:37:38Z" name="beforeMethod" finished-at="2022-05-04T17:37:48Z" duration-ms="10559" status="PASS">
          <params>
            <param index="0">
              <value>
                <![CDATA[public void com.bk_automation_testNG_prototype.testScripts.loginPage.Bk_ContactUsTest_PositiveCase.fillContactInformation_PositiveCase() throws java.lang.InterruptedException]]>
              </value>
            </param>
          </params>
          <reporter-output>
          </reporter-output>
        </test-method> <!-- beforeMethod -->
        <test-method signature="fillContactInformation_PositiveCase()[pri:0, instance:com.bk_automation_testNG_prototype.testScripts.loginPage.Bk_ContactUsTest_PositiveCase@6aa3a905]" started-at="2022-05-04T17:37:48Z" name="fillContactInformation_PositiveCase" finished-at="2022-05-04T17:38:05Z" duration-ms="17052" status="PASS">
          <reporter-output>
          </reporter-output>
        </test-method> <!-- fillContactInformation_PositiveCase -->
        <test-method is-config="true" signature="afterMethod(org.testng.ITestResult)[pri:0, instance:com.bk_automation_testNG_prototype.testScripts.loginPage.Bk_ContactUsTest_PositiveCase@6aa3a905]" started-at="2022-05-04T17:38:05Z" name="afterMethod" finished-at="2022-05-04T17:38:06Z" duration-ms="625" status="PASS">
          <params>
            <param index="0">
              <value>
                <![CDATA[[TestResult name=fillContactInformation_PositiveCase status=SUCCESS method=Bk_ContactUsTest_PositiveCase.fillContactInformation_PositiveCase()[pri:0, instance:com.bk_automation_testNG_prototype.testScripts.loginPage.Bk_ContactUsTest_PositiveCase@6aa3a905] output={null}]]]>
              </value>
            </param>
          </params>
          <reporter-output>
          </reporter-output>
        </test-method> <!-- afterMethod -->
        <test-method is-config="true" signature="afterTest()[pri:0, instance:com.bk_automation_testNG_prototype.testScripts.loginPage.Bk_ContactUsTest_PositiveCase@6aa3a905]" started-at="2022-05-04T17:38:06Z" name="afterTest" finished-at="2022-05-04T17:38:07Z" duration-ms="895" status="PASS">
          <reporter-output>
          </reporter-output>
        </test-method> <!-- afterTest -->
      </class> <!-- com.bk_automation_testNG_prototype.testScripts.loginPage.Bk_ContactUsTest_PositiveCase -->
    </test> <!-- SignUp Test -->
    <test started-at="2022-05-04T12:08:07Z" name="Login Test" finished-at="2022-05-04T12:08:54Z" duration-ms="47090">
      <class name="com.bk_automation_testNG_prototype.testScripts.loginPage.Bk_ContactUsTest_NegativeCase">
        <test-method is-config="true" signature="beforeSuite()[pri:0, instance:com.bk_automation_testNG_prototype.testScripts.loginPage.Bk_ContactUsTest_NegativeCase@16c63f5]" started-at="2022-05-04T17:37:34Z" name="beforeSuite" finished-at="2022-05-04T17:37:34Z" duration-ms="301" status="PASS">
          <reporter-output>
          </reporter-output>
        </test-method> <!-- beforeSuite -->
        <test-method is-config="true" signature="beforeTest()[pri:0, instance:com.bk_automation_testNG_prototype.testScripts.loginPage.Bk_ContactUsTest_NegativeCase@16c63f5]" started-at="2022-05-04T17:38:07Z" name="beforeTest" finished-at="2022-05-04T17:38:10Z" duration-ms="2936" status="PASS">
          <reporter-output>
          </reporter-output>
        </test-method> <!-- beforeTest -->
        <test-method is-config="true" signature="beforeMethod(java.lang.reflect.Method)[pri:0, instance:com.bk_automation_testNG_prototype.testScripts.loginPage.Bk_ContactUsTest_NegativeCase@16c63f5]" started-at="2022-05-04T17:38:10Z" name="beforeMethod" finished-at="2022-05-04T17:38:15Z" duration-ms="5481" status="PASS">
          <params>
            <param index="0">
              <value>
                <![CDATA[public void com.bk_automation_testNG_prototype.testScripts.loginPage.Bk_ContactUsTest_NegativeCase.fillContactInformation_NegativeCase() throws java.lang.InterruptedException]]>
              </value>
            </param>
          </params>
          <reporter-output>
          </reporter-output>
        </test-method> <!-- beforeMethod -->
        <test-method signature="fillContactInformation_NegativeCase()[pri:0, instance:com.bk_automation_testNG_prototype.testScripts.loginPage.Bk_ContactUsTest_NegativeCase@16c63f5]" started-at="2022-05-04T17:38:15Z" name="fillContactInformation_NegativeCase" finished-at="2022-05-04T17:38:53Z" duration-ms="37484" status="FAIL">
          <exception class="org.openqa.selenium.NoSuchElementException">
            <message>
              <![CDATA[no such element: Unable to locate element: {"method":"css selector","selector":"#H1Tag"}
  (Session info: chrome=100.0.4896.127)
For documentation on this error, please visit: https://www.seleniumhq.org/exceptions/no_such_element.html
Build info: version: '3.141.59', revision: 'e82be7d358', time: '2018-11-14T08:17:03'
System info: host: 'BKLAP117', ip: '192.168.1.29', os.name: 'Windows 10', os.arch: 'amd64', os.version: '10.0', java.version: '17.0.1'
Driver info: org.openqa.selenium.chrome.ChromeDriver
Capabilities {acceptInsecureCerts: false, browserName: chrome, browserVersion: 100.0.4896.127, chrome: {chromedriverVersion: 99.0.4844.51 (d537ec02474b5..., userDataDir: C:\Users\ADITI~1.BAL\AppDat...}, goog:chromeOptions: {debuggerAddress: localhost:50190}, javascriptEnabled: true, networkConnectionEnabled: false, pageLoadStrategy: normal, platform: WINDOWS, platformName: WINDOWS, proxy: Proxy(), setWindowRect: true, strictFileInteractability: false, timeouts: {implicit: 0, pageLoad: 300000, script: 30000}, unhandledPromptBehavior: dismiss and notify, webauthn:extension:credBlob: true, webauthn:extension:largeBlob: true, webauthn:virtualAuthenticators: true}
Session ID: 8d2ca3054d18f6b0ced3887ef1c5e5a3
*** Element info: {Using=id, value=H1Tag}]]>
            </message>
            <full-stacktrace>
              <![CDATA[org.openqa.selenium.NoSuchElementException: no such element: Unable to locate element: {"method":"css selector","selector":"#H1Tag"}
  (Session info: chrome=100.0.4896.127)
For documentation on this error, please visit: https://www.seleniumhq.org/exceptions/no_such_element.html
Build info: version: '3.141.59', revision: 'e82be7d358', time: '2018-11-14T08:17:03'
System info: host: 'BKLAP117', ip: '192.168.1.29', os.name: 'Windows 10', os.arch: 'amd64', os.version: '10.0', java.version: '17.0.1'
Driver info: org.openqa.selenium.chrome.ChromeDriver
Capabilities {acceptInsecureCerts: false, browserName: chrome, browserVersion: 100.0.4896.127, chrome: {chromedriverVersion: 99.0.4844.51 (d537ec02474b5..., userDataDir: C:\Users\ADITI~1.BAL\AppDat...}, goog:chromeOptions: {debuggerAddress: localhost:50190}, javascriptEnabled: true, networkConnectionEnabled: false, pageLoadStrategy: normal, platform: WINDOWS, platformName: WINDOWS, proxy: Proxy(), setWindowRect: true, strictFileInteractability: false, timeouts: {implicit: 0, pageLoad: 300000, script: 30000}, unhandledPromptBehavior: dismiss and notify, webauthn:extension:credBlob: true, webauthn:extension:largeBlob: true, webauthn:virtualAuthenticators: true}
Session ID: 8d2ca3054d18f6b0ced3887ef1c5e5a3
*** Element info: {Using=id, value=H1Tag}
	at java.base/jdk.internal.reflect.NativeConstructorAccessorImpl.newInstance0(Native Method)
	at java.base/jdk.internal.reflect.NativeConstructorAccessorImpl.newInstance(NativeConstructorAccessorImpl.java:77)
	at java.base/jdk.internal.reflect.DelegatingConstructorAccessorImpl.newInstance(DelegatingConstructorAccessorImpl.java:45)
	at java.base/java.lang.reflect.Constructor.newInstanceWithCaller(Constructor.java:499)
	at java.base/java.lang.reflect.Constructor.newInstance(Constructor.java:480)
	at org.openqa.selenium.remote.http.W3CHttpResponseCodec.createException(W3CHttpResponseCodec.java:187)
	at org.openqa.selenium.remote.http.W3CHttpResponseCodec.decode(W3CHttpResponseCodec.java:122)
	at org.openqa.selenium.remote.http.W3CHttpResponseCodec.decode(W3CHttpResponseCodec.java:49)
	at org.openqa.selenium.remote.HttpCommandExecutor.execute(HttpCommandExecutor.java:158)
	at org.openqa.selenium.remote.service.DriverCommandExecutor.execute(DriverCommandExecutor.java:83)
	at org.openqa.selenium.remote.RemoteWebDriver.execute(RemoteWebDriver.java:552)
	at org.openqa.selenium.remote.RemoteWebDriver.findElement(RemoteWebDriver.java:323)
	at org.openqa.selenium.remote.RemoteWebDriver.findElementById(RemoteWebDriver.java:372)
	at org.openqa.selenium.By$ById.findElement(By.java:188)
	at org.openqa.selenium.remote.RemoteWebDriver.findElement(RemoteWebDriver.java:315)
	at org.openqa.selenium.support.pagefactory.DefaultElementLocator.findElement(DefaultElementLocator.java:69)
	at org.openqa.selenium.support.pagefactory.internal.LocatingElementHandler.invoke(LocatingElementHandler.java:38)
	at jdk.proxy2/jdk.proxy2.$Proxy15.isDisplayed(Unknown Source)
	at com.bk_automation_testNG_prototype.pageObject.Bk_ContactUsPage.navigatedThankYouPage(Bk_ContactUsPage.java:161)
	at com.bk_automation_testNG_prototype.testScripts.loginPage.Bk_ContactUsTest_NegativeCase.fillContactInformation_NegativeCase(Bk_ContactUsTest_NegativeCase.java:21)
	at java.base/jdk.internal.reflect.NativeMethodAccessorImpl.invoke0(Native Method)
	at java.base/jdk.internal.reflect.NativeMethodAccessorImpl.invoke(NativeMethodAccessorImpl.java:77)
	at java.base/jdk.internal.reflect.DelegatingMethodAccessorImpl.invoke(DelegatingMethodAccessorImpl.java:43)
	at java.base/java.lang.reflect.Method.invoke(Method.java:568)
	at org.testng.internal.MethodInvocationHelper.invokeMethod(MethodInvocationHelper.java:104)
	at org.testng.internal.Invoker.invokeMethod(Invoker.java:645)
	at org.testng.internal.Invoker.invokeTestMethod(Invoker.java:851)
	at org.testng.internal.Invoker.invokeTestMethods(Invoker.java:1177)
	at org.testng.internal.TestMethodWorker.invokeTestMethods(TestMethodWorker.java:129)
	at org.testng.internal.TestMethodWorker.run(TestMethodWorker.java:112)
	at org.testng.TestRunner.privateRun(TestRunner.java:756)
	at org.testng.TestRunner.run(TestRunner.java:610)
	at org.testng.SuiteRunner.runTest(SuiteRunner.java:387)
	at org.testng.SuiteRunner.runSequentially(SuiteRunner.java:382)
	at org.testng.SuiteRunner.privateRun(SuiteRunner.java:340)
	at org.testng.SuiteRunner.run(SuiteRunner.java:289)
	at org.testng.SuiteRunnerWorker.runSuite(SuiteRunnerWorker.java:52)
	at org.testng.SuiteRunnerWorker.run(SuiteRunnerWorker.java:86)
	at org.testng.TestNG.runSuitesSequentially(TestNG.java:1293)
	at org.testng.TestNG.runSuitesLocally(TestNG.java:1218)
	at org.testng.TestNG.runSuites(TestNG.java:1133)
	at org.testng.TestNG.run(TestNG.java:1104)
	at org.testng.remote.AbstractRemoteTestNG.run(AbstractRemoteTestNG.java:115)
	at org.testng.remote.RemoteTestNG.initAndRun(RemoteTestNG.java:251)
	at org.testng.remote.RemoteTestNG.main(RemoteTestNG.java:77)
]]>
            </full-stacktrace>
          </exception> <!-- org.openqa.selenium.NoSuchElementException -->
          <reporter-output>
          </reporter-output>
        </test-method> <!-- fillContactInformation_NegativeCase -->
        <test-method is-config="true" signature="afterMethod(org.testng.ITestResult)[pri:0, instance:com.bk_automation_testNG_prototype.testScripts.loginPage.Bk_ContactUsTest_NegativeCase@16c63f5]" started-at="2022-05-04T17:38:53Z" name="afterMethod" finished-at="2022-05-04T17:38:53Z" duration-ms="178" status="PASS">
          <params>
            <param index="0">
              <value>
                <![CDATA[[TestResult name=fillContactInformation_NegativeCase status=FAILURE method=Bk_ContactUsTest_NegativeCase.fillContactInformation_NegativeCase()[pri:0, instance:com.bk_automation_testNG_prototype.testScripts.loginPage.Bk_ContactUsTest_NegativeCase@16c63f5] output={null}]]]>
              </value>
            </param>
          </params>
          <reporter-output>
          </reporter-output>
        </test-method> <!-- afterMethod -->
        <test-method is-config="true" signature="afterTest()[pri:0, instance:com.bk_automation_testNG_prototype.testScripts.loginPage.Bk_ContactUsTest_NegativeCase@16c63f5]" started-at="2022-05-04T17:38:53Z" name="afterTest" finished-at="2022-05-04T17:38:54Z" duration-ms="1007" status="PASS">
          <reporter-output>
          </reporter-output>
        </test-method> <!-- afterTest -->
      </class> <!-- com.bk_automation_testNG_prototype.testScripts.loginPage.Bk_ContactUsTest_NegativeCase -->
    </test> <!-- Login Test -->
  </suite> <!-- bk_automation_testNG_prototype -->
</testng-results>
